# JRE version: OpenJDK Runtime Environment Temurin-21.0.8+9 (21.0.8+9) (build 21.0.8+9-LTS)
# Java VM: OpenJDK 64-Bit Server VM Temurin-21.0.8+9 (21.0.8+9-LTS, mixed mode, sharing, tiered, compressed oops, compressed class ptrs, parallel gc, windows-amd64)
GC Precious Log:
 CardTable entry size: 512
 CPUs: 16 total, 16 available
 Memory: 16052M
 Large Page Support: Disabled
 NUMA Support: Disabled
 Compressed Oops: Enabled (32-bit)
 Alignments: Space 512K, Generation 512K, Heap 2M
 Heap Min Capacity: 100M
 Heap Initial Capacity: 100M
 Heap Max Capacity: 2G
 Pre-touch: Disabled
 Parallel Workers: 13
Heap:
 PSYoungGen      total 14848K, used 9705K [0x00000000d5580000, 0x00000000d6600000, 0x0000000100000000)
  eden space 12800K, 60% used [0x00000000d5580000,0x00000000d5d1d688,0x00000000d6200000)
  from space 2048K, 93% used [0x00000000d6280000,0x00000000d645d098,0x00000000d6480000)
  to   space 1536K, 0% used [0x00000000d6480000,0x00000000d6480000,0x00000000d6600000)
 ParOldGen       total 143360K, used 143236K [0x0000000080000000, 0x0000000088c00000, 0x00000000d5580000)
  object space 143360K, 99% used [0x0000000080000000,0x0000000088be1128,0x0000000088c00000)
 Metaspace       used 54323K, committed 55488K, reserved 1114112K
  class space    used 5779K, committed 6272K, reserved 1048576K
GC Heap History (20 events):
Event: 13.085 GC heap before
{Heap before GC invocations=50 (full 2):
 PSYoungGen      total 18432K, used 18431K [0x00000000d5580000, 0x00000000d7180000, 0x0000000100000000)
  eden space 15360K, 100% used [0x00000000d5580000,0x00000000d6480000,0x00000000d6480000)
  from space 3072K, 99% used [0x00000000d6680000,0x00000000d697ff08,0x00000000d6980000)
  to   space 6656K, 0% used [0x00000000d6b00000,0x00000000d6b00000,0x00000000d7180000)
 ParOldGen       total 120320K, used 120017K [0x0000000080000000, 0x0000000087580000, 0x00000000d5580000)
  object space 120320K, 99% used [0x0000000080000000,0x0000000087534720,0x0000000087580000)
 Metaspace       used 51950K, committed 53184K, reserved 1114112K
  class space    used 5611K, committed 6144K, reserved 1048576K
}
Event: 13.090 GC heap after
{Heap after GC invocations=50 (full 2):
 PSYoungGen      total 18944K, used 3315K [0x00000000d5580000, 0x00000000d6e80000, 0x0000000100000000)
  eden space 15360K, 0% used [0x00000000d5580000,0x00000000d5580000,0x00000000d6480000)
  from space 3584K, 92% used [0x00000000d6b00000,0x00000000d6e3cc60,0x00000000d6e80000)
  to   space 4608K, 0% used [0x00000000d6580000,0x00000000d6580000,0x00000000d6a00000)
 ParOldGen       total 123392K, used 122994K [0x0000000080000000, 0x0000000087880000, 0x00000000d5580000)
  object space 123392K, 99% used [0x0000000080000000,0x000000008781cbc0,0x0000000087880000)
 Metaspace       used 51950K, committed 53184K, reserved 1114112K
  class space    used 5611K, committed 6144K, reserved 1048576K
}
Event: 13.185 GC heap before
{Heap before GC invocations=51 (full 2):
 PSYoungGen      total 18944K, used 18675K [0x00000000d5580000, 0x00000000d6e80000, 0x0000000100000000)
  eden space 15360K, 100% used [0x00000000d5580000,0x00000000d6480000,0x00000000d6480000)
  from space 3584K, 92% used [0x00000000d6b00000,0x00000000d6e3cc60,0x00000000d6e80000)
  to   space 4608K, 0% used [0x00000000d6580000,0x00000000d6580000,0x00000000d6a00000)
 ParOldGen       total 123392K, used 122994K [0x0000000080000000, 0x0000000087880000, 0x00000000d5580000)
  object space 123392K, 99% used [0x0000000080000000,0x000000008781cbf8,0x0000000087880000)
 Metaspace       used 52063K, committed 53312K, reserved 1114112K
  class space    used 5613K, committed 6144K, reserved 1048576K
}
Event: 13.191 GC heap after
{Heap after GC invocations=51 (full 2):
 PSYoungGen      total 19456K, used 3767K [0x00000000d5580000, 0x00000000d6c80000, 0x0000000100000000)
  eden space 15360K, 0% used [0x00000000d5580000,0x00000000d5580000,0x00000000d6480000)
  from space 4096K, 91% used [0x00000000d6580000,0x00000000d692df88,0x00000000d6980000)
  to   space 3072K, 0% used [0x00000000d6980000,0x00000000d6980000,0x00000000d6c80000)
 ParOldGen       total 126464K, used 126110K [0x0000000080000000, 0x0000000087b80000, 0x00000000d5580000)
  object space 126464K, 99% used [0x0000000080000000,0x0000000087b27a58,0x0000000087b80000)
 Metaspace       used 52063K, committed 53312K, reserved 1114112K
  class space    used 5613K, committed 6144K, reserved 1048576K
}
Event: 13.340 GC heap before
{Heap before GC invocations=52 (full 2):
 PSYoungGen      total 19456K, used 19127K [0x00000000d5580000, 0x00000000d6c80000, 0x0000000100000000)
  eden space 15360K, 100% used [0x00000000d5580000,0x00000000d6480000,0x00000000d6480000)
  from space 4096K, 91% used [0x00000000d6580000,0x00000000d692df88,0x00000000d6980000)
  to   space 3072K, 0% used [0x00000000d6980000,0x00000000d6980000,0x00000000d6c80000)
 ParOldGen       total 126464K, used 126112K [0x0000000080000000, 0x0000000087b80000, 0x00000000d5580000)
  object space 126464K, 99% used [0x0000000080000000,0x0000000087b28260,0x0000000087b80000)
 Metaspace       used 52576K, committed 53824K, reserved 1114112K
  class space    used 5641K, committed 6144K, reserved 1048576K
}
Event: 13.344 GC heap after
{Heap after GC invocations=52 (full 2):
 PSYoungGen      total 15872K, used 3062K [0x00000000d5580000, 0x00000000d7380000, 0x0000000100000000)
  eden space 12800K, 0% used [0x00000000d5580000,0x00000000d5580000,0x00000000d6200000)
  from space 3072K, 99% used [0x00000000d6980000,0x00000000d6c7d9a0,0x00000000d6c80000)
  to   space 7680K, 0% used [0x00000000d6200000,0x00000000d6200000,0x00000000d6980000)
 ParOldGen       total 130048K, used 129770K [0x0000000080000000, 0x0000000087f00000, 0x00000000d5580000)
  object space 130048K, 99% used [0x0000000080000000,0x0000000087eba8b8,0x0000000087f00000)
 Metaspace       used 52576K, committed 53824K, reserved 1114112K
  class space    used 5641K, committed 6144K, reserved 1048576K
}
Event: 13.427 GC heap before
{Heap before GC invocations=53 (full 2):
 PSYoungGen      total 15872K, used 15862K [0x00000000d5580000, 0x00000000d7380000, 0x0000000100000000)
  eden space 12800K, 100% used [0x00000000d5580000,0x00000000d6200000,0x00000000d6200000)
  from space 3072K, 99% used [0x00000000d6980000,0x00000000d6c7d9a0,0x00000000d6c80000)
  to   space 7680K, 0% used [0x00000000d6200000,0x00000000d6200000,0x00000000d6980000)
 ParOldGen       total 130048K, used 129770K [0x0000000080000000, 0x0000000087f00000, 0x00000000d5580000)
  object space 130048K, 99% used [0x0000000080000000,0x0000000087eba8b8,0x0000000087f00000)
 Metaspace       used 52862K, committed 54080K, reserved 1114112K
  class space    used 5651K, committed 6144K, reserved 1048576K
}
Event: 13.431 GC heap after
{Heap after GC invocations=53 (full 2):
 PSYoungGen      total 15872K, used 3066K [0x00000000d5580000, 0x00000000d6b00000, 0x0000000100000000)
  eden space 12800K, 0% used [0x00000000d5580000,0x00000000d5580000,0x00000000d6200000)
  from space 3072K, 99% used [0x00000000d6200000,0x00000000d64fe9c0,0x00000000d6500000)
  to   space 4608K, 0% used [0x00000000d6680000,0x00000000d6680000,0x00000000d6b00000)
 ParOldGen       total 133120K, used 132674K [0x0000000080000000, 0x0000000088200000, 0x00000000d5580000)
  object space 133120K, 99% used [0x0000000080000000,0x00000000881909a8,0x0000000088200000)
 Metaspace       used 52862K, committed 54080K, reserved 1114112K
  class space    used 5651K, committed 6144K, reserved 1048576K
}
Event: 13.544 GC heap before
{Heap before GC invocations=54 (full 2):
 PSYoungGen      total 15872K, used 15866K [0x00000000d5580000, 0x00000000d6b00000, 0x0000000100000000)
  eden space 12800K, 100% used [0x00000000d5580000,0x00000000d6200000,0x00000000d6200000)
  from space 3072K, 99% used [0x00000000d6200000,0x00000000d64fe9c0,0x00000000d6500000)
  to   space 4608K, 0% used [0x00000000d6680000,0x00000000d6680000,0x00000000d6b00000)
 ParOldGen       total 133120K, used 132674K [0x0000000080000000, 0x0000000088200000, 0x00000000d5580000)
  object space 133120K, 99% used [0x0000000080000000,0x00000000881909a8,0x0000000088200000)
 Metaspace       used 53024K, committed 54208K, reserved 1114112K
  class space    used 5661K, committed 6144K, reserved 1048576K
}
Event: 13.549 GC heap after
{Heap after GC invocations=54 (full 2):
 PSYoungGen      total 15872K, used 3064K [0x00000000d5580000, 0x00000000d6980000, 0x0000000100000000)
  eden space 12800K, 0% used [0x00000000d5580000,0x00000000d5580000,0x00000000d6200000)
  from space 3072K, 99% used [0x00000000d6680000,0x00000000d697e048,0x00000000d6980000)
  to   space 3584K, 0% used [0x00000000d6280000,0x00000000d6280000,0x00000000d6600000)
 ParOldGen       total 135680K, used 135433K [0x0000000080000000, 0x0000000088480000, 0x00000000d5580000)
  object space 135680K, 99% used [0x0000000080000000,0x00000000884424e0,0x0000000088480000)
 Metaspace       used 53024K, committed 54208K, reserved 1114112K
  class space    used 5661K, committed 6144K, reserved 1048576K
}
Event: 13.586 GC heap before
{Heap before GC invocations=55 (full 2):
 PSYoungGen      total 15872K, used 15864K [0x00000000d5580000, 0x00000000d6980000, 0x0000000100000000)
  eden space 12800K, 100% used [0x00000000d5580000,0x00000000d6200000,0x00000000d6200000)
  from space 3072K, 99% used [0x00000000d6680000,0x00000000d697e048,0x00000000d6980000)
  to   space 3584K, 0% used [0x00000000d6280000,0x00000000d6280000,0x00000000d6600000)
 ParOldGen       total 135680K, used 135433K [0x0000000080000000, 0x0000000088480000, 0x00000000d5580000)
  object space 135680K, 99% used [0x0000000080000000,0x00000000884424e0,0x0000000088480000)
 Metaspace       used 53163K, committed 54400K, reserved 1114112K
  class space    used 5672K, committed 6208K, reserved 1048576K
}
Event: 13.593 GC heap after
{Heap after GC invocations=55 (full 2):
 PSYoungGen      total 16384K, used 3234K [0x00000000d5580000, 0x00000000d6900000, 0x0000000100000000)
  eden space 12800K, 0% used [0x00000000d5580000,0x00000000d5580000,0x00000000d6200000)
  from space 3584K, 90% used [0x00000000d6280000,0x00000000d65a8b40,0x00000000d6600000)
  to   space 3072K, 0% used [0x00000000d6600000,0x00000000d6600000,0x00000000d6900000)
 ParOldGen       total 138240K, used 138164K [0x0000000080000000, 0x0000000088700000, 0x00000000d5580000)
  object space 138240K, 99% used [0x0000000080000000,0x00000000886ed020,0x0000000088700000)
 Metaspace       used 53163K, committed 54400K, reserved 1114112K
  class space    used 5672K, committed 6208K, reserved 1048576K
}
Event: 13.648 GC heap before
{Heap before GC invocations=56 (full 2):
 PSYoungGen      total 16384K, used 16034K [0x00000000d5580000, 0x00000000d6900000, 0x0000000100000000)
  eden space 12800K, 100% used [0x00000000d5580000,0x00000000d6200000,0x00000000d6200000)
  from space 3584K, 90% used [0x00000000d6280000,0x00000000d65a8b40,0x00000000d6600000)
  to   space 3072K, 0% used [0x00000000d6600000,0x00000000d6600000,0x00000000d6900000)
 ParOldGen       total 138240K, used 138164K [0x0000000080000000, 0x0000000088700000, 0x00000000d5580000)
  object space 138240K, 99% used [0x0000000080000000,0x00000000886ed020,0x0000000088700000)
 Metaspace       used 53173K, committed 54400K, reserved 1114112K
  class space    used 5672K, committed 6208K, reserved 1048576K
}
Event: 13.652 GC heap after
{Heap after GC invocations=56 (full 2):
 PSYoungGen      total 15360K, used 2359K [0x00000000d5580000, 0x00000000d6880000, 0x0000000100000000)
  eden space 12800K, 0% used [0x00000000d5580000,0x00000000d5580000,0x00000000d6200000)
  from space 2560K, 92% used [0x00000000d6600000,0x00000000d684def8,0x00000000d6880000)
  to   space 3072K, 0% used [0x00000000d6280000,0x00000000d6280000,0x00000000d6580000)
 ParOldGen       total 140800K, used 140409K [0x0000000080000000, 0x0000000088980000, 0x00000000d5580000)
  object space 140800K, 99% used [0x0000000080000000,0x000000008891e7d8,0x0000000088980000)
 Metaspace       used 53173K, committed 54400K, reserved 1114112K
  class space    used 5672K, committed 6208K, reserved 1048576K
}
Event: 13.915 GC heap before
{Heap before GC invocations=57 (full 2):
 PSYoungGen      total 15360K, used 15159K [0x00000000d5580000, 0x00000000d6880000, 0x0000000100000000)
  eden space 12800K, 100% used [0x00000000d5580000,0x00000000d6200000,0x00000000d6200000)
  from space 2560K, 92% used [0x00000000d6600000,0x00000000d684def8,0x00000000d6880000)
  to   space 3072K, 0% used [0x00000000d6280000,0x00000000d6280000,0x00000000d6580000)
 ParOldGen       total 140800K, used 140409K [0x0000000080000000, 0x0000000088980000, 0x00000000d5580000)
  object space 140800K, 99% used [0x0000000080000000,0x000000008891e7d8,0x0000000088980000)
 Metaspace       used 53181K, committed 54400K, reserved 1114112K
  class space    used 5672K, committed 6208K, reserved 1048576K
}
Event: 13.917 GC heap after
{Heap after GC invocations=57 (full 2):
 PSYoungGen      total 14848K, used 1646K [0x00000000d5580000, 0x00000000d6680000, 0x0000000100000000)
  eden space 12800K, 0% used [0x00000000d5580000,0x00000000d5580000,0x00000000d6200000)
  from space 2048K, 80% used [0x00000000d6280000,0x00000000d641b838,0x00000000d6480000)
  to   space 2048K, 0% used [0x00000000d6480000,0x00000000d6480000,0x00000000d6680000)
 ParOldGen       total 141824K, used 141714K [0x0000000080000000, 0x0000000088a80000, 0x00000000d5580000)
  object space 141824K, 99% used [0x0000000080000000,0x0000000088a64890,0x0000000088a80000)
 Metaspace       used 53181K, committed 54400K, reserved 1114112K
  class space    used 5672K, committed 6208K, reserved 1048576K
}
Event: 14.033 GC heap before
{Heap before GC invocations=58 (full 2):
 PSYoungGen      total 14848K, used 14339K [0x00000000d5580000, 0x00000000d6680000, 0x0000000100000000)
  eden space 12800K, 99% used [0x00000000d5580000,0x00000000d61e56d8,0x00000000d6200000)
  from space 2048K, 80% used [0x00000000d6280000,0x00000000d641b838,0x00000000d6480000)
  to   space 2048K, 0% used [0x00000000d6480000,0x00000000d6480000,0x00000000d6680000)
 ParOldGen       total 141824K, used 141714K [0x0000000080000000, 0x0000000088a80000, 0x00000000d5580000)
  object space 141824K, 99% used [0x0000000080000000,0x0000000088a64890,0x0000000088a80000)
 Metaspace       used 53181K, committed 54400K, reserved 1114112K
  class space    used 5672K, committed 6208K, reserved 1048576K
}
Event: 14.037 GC heap after
{Heap after GC invocations=58 (full 2):
 PSYoungGen      total 14848K, used 1858K [0x00000000d5580000, 0x00000000d6680000, 0x0000000100000000)
  eden space 12800K, 0% used [0x00000000d5580000,0x00000000d5580000,0x00000000d6200000)
  from space 2048K, 90% used [0x00000000d6480000,0x00000000d6650828,0x00000000d6680000)
  to   space 2048K, 0% used [0x00000000d6280000,0x00000000d6280000,0x00000000d6480000)
 ParOldGen       total 142336K, used 142316K [0x0000000080000000, 0x0000000088b00000, 0x00000000d5580000)
  object space 142336K, 99% used [0x0000000080000000,0x0000000088afb248,0x0000000088b00000)
 Metaspace       used 53181K, committed 54400K, reserved 1114112K
  class space    used 5672K, committed 6208K, reserved 1048576K
}
Event: 14.095 GC heap before
{Heap before GC invocations=59 (full 2):
 PSYoungGen      total 14848K, used 14658K [0x00000000d5580000, 0x00000000d6680000, 0x0000000100000000)
  eden space 12800K, 100% used [0x00000000d5580000,0x00000000d6200000,0x00000000d6200000)
  from space 2048K, 90% used [0x00000000d6480000,0x00000000d6650828,0x00000000d6680000)
  to   space 2048K, 0% used [0x00000000d6280000,0x00000000d6280000,0x00000000d6480000)
 ParOldGen       total 142336K, used 142316K [0x0000000080000000, 0x0000000088b00000, 0x00000000d5580000)
  object space 142336K, 99% used [0x0000000080000000,0x0000000088afb248,0x0000000088b00000)
 Metaspace       used 53693K, committed 54848K, reserved 1114112K
  class space    used 5713K, committed 6208K, reserved 1048576K
}
Event: 14.097 GC heap after
{Heap after GC invocations=59 (full 2):
 PSYoungGen      total 14848K, used 1908K [0x00000000d5580000, 0x00000000d6600000, 0x0000000100000000)
  eden space 12800K, 0% used [0x00000000d5580000,0x00000000d5580000,0x00000000d6200000)
  from space 2048K, 93% used [0x00000000d6280000,0x00000000d645d098,0x00000000d6480000)
  to   space 1536K, 0% used [0x00000000d6480000,0x00000000d6480000,0x00000000d6600000)
 ParOldGen       total 143360K, used 143236K [0x0000000080000000, 0x0000000088c00000, 0x00000000d5580000)
  object space 143360K, 99% used [0x0000000080000000,0x0000000088be1128,0x0000000088c00000)
 Metaspace       used 53693K, committed 54848K, reserved 1114112K
  class space    used 5713K, committed 6208K, reserved 1048576K
}

